<?xml version="1.0" encoding="UTF-8"?>
<!-- Generated by org.testng.reporters.JUnitReportReporter -->
<testsuite skipped="0" hostname="PT-CTL-017" name="Petzey.AutomationTest.LoginFromSignUPage_Test" tests="1" failures="0" timestamp="2020-04-13T13:49:24 IST" time="34.178" errors="0">
  <testcase name="LoginFromSignUP" time="34.178" classname="Petzey.AutomationTest.LoginFromSignUPage_Test"/>
  <system-out/>
</testsuite> <!-- Petzey.AutomationTest.LoginFromSignUPage_Test -->
