<?xml version="1.0" encoding="UTF-8"?>
<!-- Generated by org.testng.reporters.JUnitReportReporter -->
<testsuite skipped="0" hostname="PT-CTL-017" name="Petzey.AutomationTest.HomePageNavigation_Test" tests="1" failures="0" timestamp="2020-04-13T13:56:43 IST" time="15.458" errors="0">
  <testcase name="login" time="15.458" classname="Petzey.AutomationTest.HomePageNavigation_Test"/>
  <system-out/>
</testsuite> <!-- Petzey.AutomationTest.HomePageNavigation_Test -->
