<?xml version="1.0" encoding="UTF-8"?>
<!-- Generated by org.testng.reporters.JUnitReportReporter -->
<testsuite skipped="0" hostname="PT-CTL-017" name="Petzey.AutomationTest.ProfieSummaryPageNavigation_Test" tests="1" failures="0" timestamp="2020-04-15T15:42:49 IST" time="50.751" errors="0">
  <testcase name="profileSummaryNavigation" time="50.751" classname="Petzey.AutomationTest.ProfieSummaryPageNavigation_Test"/>
  <system-out/>
</testsuite> <!-- Petzey.AutomationTest.ProfieSummaryPageNavigation_Test -->
