<?xml version="1.0" encoding="UTF-8"?>
<!-- Generated by org.testng.reporters.JUnitReportReporter -->
<testsuite skipped="0" hostname="PT-CTL-017" name="Petzey.AutomationTest.LoginFromSignUPage" tests="1" failures="0" timestamp="2020-04-09T17:39:34 IST" time="52.970" errors="0">
  <testcase name="LoginFromSignUP" time="52.970" classname="Petzey.AutomationTest.LoginFromSignUPage"/>
  <system-out/>
</testsuite> <!-- Petzey.AutomationTest.LoginFromSignUPage -->
