<?xml version="1.0" encoding="UTF-8"?>
<!-- Generated by org.testng.reporters.JUnitReportReporter -->
<testsuite skipped="0" hostname="PT-CTL-017" name="Petzey.AutomationTest.NotificationPageNavigation_Test" tests="1" failures="0" timestamp="2020-04-13T16:28:49 IST" time="54.713" errors="0">
  <testcase name="notificationNavigation" time="54.713" classname="Petzey.AutomationTest.NotificationPageNavigation_Test"/>
  <system-out/>
</testsuite> <!-- Petzey.AutomationTest.NotificationPageNavigation_Test -->
