<?xml version="1.0" encoding="UTF-8"?>
<!-- Generated by org.testng.reporters.JUnitReportReporter -->
<testsuite skipped="0" hostname="PT-CTL-017" name="Petzey.AutomationTest.TestCase1" tests="1" failures="0" timestamp="2020-02-13T15:00:35 IST" time="16.573" errors="0">
  <testcase name="login" time="16.573" classname="Petzey.AutomationTest.TestCase1"/>
  <system-out/>
</testsuite> <!-- Petzey.AutomationTest.TestCase1 -->
